<?xml version="1.0" encoding="UTF-8"?>
<!-- Generated by org.testng.reporters.JUnitReportReporter -->
<testsuite hostname="DESKTOP-PCI0EU0" failures="0" tests="1" name="testng_Fundamentals.SoftAssertConcepts" time="13.071" errors="0" timestamp="2021-12-03T22:33:04 GMT-05:00" skipped="0">
  <testcase classname="testng_Fundamentals.SoftAssertConcepts" name="launchBrowser" time="13.071"/>
  <system-out/>
</testsuite> <!-- testng_Fundamentals.SoftAssertConcepts -->
