<?xml version="1.0" encoding="UTF-8"?>
<!-- Generated by org.testng.reporters.JUnitReportReporter -->
<testsuite hostname="DESKTOP-PCI0EU0" failures="0" tests="1" name="testng_Fundamentals.Program1" time="2.041" errors="0" timestamp="2021-12-02T21:06:57 GMT-05:00" skipped="0">
  <testcase classname="testng_Fundamentals.Program1" name="signinlinkClick" time="2.041"/>
  <system-out/>
</testsuite> <!-- testng_Fundamentals.Program1 -->
