<?xml version="1.0" encoding="UTF-8"?>
<!-- Generated by org.testng.reporters.JUnitReportReporter -->
<testsuite hostname="DESKTOP-PCI0EU0" failures="0" tests="1" name="testng_Fundamentals.First_Program_TestNG" time="0.004" errors="0" timestamp="2021-12-02T17:30:15 GMT-05:00" skipped="0">
  <testcase classname="testng_Fundamentals.First_Program_TestNG" name="testcase" time="0.004"/>
  <system-out/>
</testsuite> <!-- testng_Fundamentals.First_Program_TestNG -->
