<?xml version="1.0" encoding="UTF-8"?>
<!-- Generated by org.testng.reporters.JUnitReportReporter -->
<testsuite hostname="DESKTOP-PCI0EU0" failures="0" tests="2" name="testng_Fundamentals.cobination" time="0.010" errors="0" timestamp="2021-12-02T18:05:45 GMT-05:00" skipped="0">
  <testcase classname="testng_Fundamentals.cobination" name="testcase1" time="0.004"/>
  <system-out/>
  <testcase classname="testng_Fundamentals.cobination" name="testcase2" time="0.006"/>
  <system-out/>
</testsuite> <!-- testng_Fundamentals.cobination -->
