<?xml version="1.0" encoding="UTF-8"?>
<!-- Generated by org.testng.reporters.JUnitReportReporter -->
<testsuite hostname="DESKTOP-PCI0EU0" failures="0" tests="3" name="testng_Fundamentals.Priorities" time="0.011" errors="0" timestamp="2021-12-02T18:00:53 GMT-05:00" skipped="0">
  <testcase classname="testng_Fundamentals.Priorities" name="execution" time="0.009"/>
  <system-out/>
  <testcase classname="testng_Fundamentals.Priorities" name="termination" time="0.001"/>
  <system-out/>
  <testcase classname="testng_Fundamentals.Priorities" name="initialization" time="0.001"/>
  <system-out/>
</testsuite> <!-- testng_Fundamentals.Priorities -->
